<?xml version="1.0" encoding="UTF-8"?>
<testsuite name="Cucumber" time="6.952" tests="4" skipped="0" failures="0" errors="0">
<testcase classname="" name="To Test Login with valid data - Example #1.1" time="2.43">
<system-out><![CDATA[
Given Open the browser and go to the login page of rahulsheety..............passed
When Enter the valid name "vinitha.m@moolya.com"............................passed
And Enter the valid password "Rahul@123"....................................passed
And Click on loginBtn.......................................................passed
Then I should see the username as...........................................passed
]]></system-out>
</testcase>
<testcase classname="" name="To Test Login with valid data - Example #1.2" time="1.563">
<system-out><![CDATA[
Given Open the browser and go to the login page of rahulsheety..............passed
When Enter the valid name "vinitha.m@moolya.com"............................passed
And Enter the valid password "Rahul@123"....................................passed
And Click on loginBtn.......................................................passed
Then I should see the username as...........................................passed
]]></system-out>
</testcase>
<testcase classname="" name="To Test Login with valid data - Example #1.3" time="1.448">
<system-out><![CDATA[
Given Open the browser and go to the login page of rahulsheety..............passed
When Enter the valid name "vinitha.m@moolya.com"............................passed
And Enter the valid password "Rahul@123"....................................passed
And Click on loginBtn.......................................................passed
Then I should see the username as...........................................passed
]]></system-out>
</testcase>
<testcase classname="" name="To Test login with invalid data" time="1.383">
<system-out><![CDATA[
Given Open the browser and go to the login page of rahulsheety..............passed
When Enter invalid name "vinitha"...........................................passed
And Enter invalid password "Vini34".........................................passed
And Click on loginBtn.......................................................passed
Then I should see "Invalid credentials".....................................passed
]]></system-out>
</testcase>
</testsuite>
